<?xml version="1.0" encoding="UTF-8"?>
<testsuite xmlns:xsi="http://www.w3.org/2001/XMLSchema-instance" xsi:noNamespaceSchemaLocation="https://maven.apache.org/surefire/maven-surefire-plugin/xsd/surefire-test-report-3.0.xsd" version="3.0" name="performance.PerformanceTest" time="114.641" tests="5" errors="0" skipped="0" failures="0">
  <properties>
[...]
</properties>
  <testcase name="testInsert5000Users" classname="performance.PerformanceTest" time="92.666">
    <system-out><![CDATA[=== INICIANDO TESTES DE DESEMPENHO ===
Limpando banco de dados...
Banco limpo com sucesso!


--- TESTE 1: INSERÇÃO EM MASSA ---
Inserindo 5000 usuários...
  [OK] 1000 usuários inseridos (18741 ms)
  [OK] 2000 usuários inseridos (37286 ms)
  [OK] 3000 usuários inseridos (55963 ms)
  [OK] 4000 usuários inseridos (74230 ms)
  [OK] 5000 usuários inseridos (92634 ms)

RESULTADOS DA INSERÇÃO:
  • Total de usuários: 5000
  • Tempo total: 92.63 segundos (92634 ms)
  • Tempo médio por usuário: 18.53 ms
  • Taxa de inserção: 53.98 usuários/segundo
  • Limite aceitável: 30.00 segundos (30000 ms)
  [AVISO] DESEMPENHO ABAIXO DO ESPERADO!
]]></system-out>
  </testcase>
  <testcase name="testLoad5000Users" classname="performance.PerformanceTest" time="0.016">
    <system-out><![CDATA[
--- TESTE 2: CARREGAMENTO EM MASSA ---
Carregando 5000 usuários do banco...

RESULTADOS DO CARREGAMENTO:
  • Total de usuários carregados: 5000
  • Tempo total: 11 ms (0.011 segundos)
  • Tempo por usuário: 0.00 ms
  • Limite aceitável: 5000 ms
  [OK] DESEMPENHO ACEITÁVEL!
]]></system-out>
  </testcase>
  <testcase name="testFindUserById" classname="performance.PerformanceTest" time="0.036">
    <system-out><![CDATA[
--- TESTE 3: BUSCA POR ID ---
  • Busca ID 4: 6 ms
  • Busca ID 1254: 7 ms
  • Busca ID 2504: 6 ms
  • Busca ID 3754: 5 ms
]]></system-out>
  </testcase>
  <testcase name="testUpdate1000Users" classname="performance.PerformanceTest" time="21.508">
    <system-out><![CDATA[
--- TESTE 4: ATUALIZAÇÃO EM MASSA ---
Atualizando 1.000 usuários...
  [OK] 250 usuários atualizados
  [OK] 500 usuários atualizados
  [OK] 750 usuários atualizados
  [OK] 1000 usuários atualizados

RESULTADOS DA ATUALIZAÇÃO:
  • Total de usuários atualizados: 1.000
  • Tempo total: 21501 ms (21.501 segundos)
  • Tempo por usuário: 21.50 ms
]]></system-out>
  </testcase>
  <testcase name="testDeleteAllUsers" classname="performance.PerformanceTest" time="0.058">
    <system-out><![CDATA[
--- TESTE 5: DELEÇÃO EM MASSA ---
Deletando todos os 5000 usuários...

RESULTADOS DA DELEÇÃO:
  • Total de usuários deletados: 5000
  • Tempo total: 51 ms (0.051 segundos)
  [OK] TODOS OS USUÁRIOS FORAM DELETADOS!
]]></system-out>
  </testcase>
</testsuite>